<?xml version="1.0" encoding="UTF-8"?>
<!-- Generated by org.testng.reporters.JUnitXMLReporter -->
<testsuite ignored="0" hostname="DESKTOP-QCPSTRN" failures="1" tests="1" name="Test(failed)" time="7.344" errors="0" timestamp="2022-05-15T22:34:28 EDT">
  <testcase classname="com.banking.testCases.TC_LoginTest_001" name="LoginTest" time="2.257">
    <failure type="java.lang.AssertionError">
      <![CDATA[java.lang.AssertionError
at org.junit.Assert.fail(Assert.java:86)
at org.junit.Assert.assertTrue(Assert.java:41)
at org.junit.Assert.assertTrue(Assert.java:52)
at com.banking.testCases.TC_LoginTest_001.LoginTest(TC_LoginTest_001.java:25)
at java.base/java.util.ArrayList.forEach(ArrayList.java:1511)
... Removed 27 stack frames]]>
    </failure>
  </testcase> <!-- LoginTest -->
</testsuite> <!-- Test(failed) -->
